<?xml version="1.0" encoding="UTF-8"?>
<testsuite name="MainTest" tests="21" skipped="1" failures="0" errors="0" timestamp="2023-04-14T16:04:40" hostname="CRED-C02ZG54BLVDQ" time="0.092">
  <properties/>
  <testcase name="testarOInputDoJsonCaso1()" classname="MainTest" time="0.074"/>
  <testcase name="testarOInputDoJsonCaso2()" classname="MainTest" time="0.0"/>
  <testcase name="testarOInputDoJsonCaso3()" classname="MainTest" time="0.0"/>
  <testcase name="testarOInputDoJsonCaso4()" classname="MainTest" time="0.001"/>
  <testcase name="testarOInputDoJsonCaso5()" classname="MainTest" time="0.001"/>
  <testcase name="testarOInputDoJsonCaso6()" classname="MainTest" time="0.001"/>
  <testcase name="testarOInputDoJsonCaso7()" classname="MainTest" time="0.0"/>
  <testcase name="testarOInputDoJsonCaso8()" classname="MainTest" time="0.001"/>
  <testcase name="testarOInputDoJsonCaso1Mais2()" classname="MainTest" time="0.001">
    <skipped/>
  </testcase>
  <testcase name="testJuntarTudoQuandoVenda()" classname="MainTest" time="0.001"/>
  <testcase name="calcularLucro()" classname="MainTest" time="0.0"/>
  <testcase name="weightedAveragePrice()" classname="MainTest" time="0.0"/>
  <testcase name="testQuandoDaErroNoTipo6()" classname="MainTest" time="0.0"/>
  <testcase name="testJuntarTudoQuandoCompra()" classname="MainTest" time="0.0"/>
  <testcase name="valorDoPrejuizoDeVenda()" classname="MainTest" time="0.001"/>
  <testcase name="testJuntarTudoQuandoVenda2()" classname="MainTest" time="0.001"/>
  <testcase name="valorTotalDaOperacaoDeduzidoOPrejuMasDeveSerZeroPorqueTemMuitoPrejuizoParaPouco()" classname="MainTest" time="0.0"/>
  <testcase name="valorTotalDaOperacaoDeduzidoOPreju2()" classname="MainTest" time="0.0"/>
  <testcase name="valorTotalDaOperacaoDeduzidoOPrejut()" classname="MainTest" time="0.001"/>
  <testcase name="weightedAveragePrice2()" classname="MainTest" time="0.0"/>
  <testcase name="calcularDiferencaEAtualizarPrejuizoQuandoésuficiente()" classname="MainTest" time="0.001"/>
  <system-out><![CDATA[]]></system-out>
  <system-err><![CDATA[]]></system-err>
</testsuite>
